{"R:\\DAW\\TFG\\gameVault\\src\\server.js": {"path":"R:\\DAW\\TFG\\gameVault\\src\\server.js","all":false,"statementMap":{"0":{"start":{"line":1,"column":0},"end":{"line":1,"column":35}},"1":{"start":{"line":2,"column":0},"end":{"line":2,"column":32}},"2":{"start":{"line":3,"column":0},"end":{"line":3,"column":35}},"3":{"start":{"line":4,"column":0},"end":{"line":4,"column":36}},"4":{"start":{"line":5,"column":0},"end":{"line":5,"column":29}},"5":{"start":{"line":6,"column":0},"end":{"line":6,"column":27}},"6":{"start":{"line":7,"column":0},"end":{"line":7,"column":0}},"7":{"start":{"line":8,"column":0},"end":{"line":8,"column":22}},"8":{"start":{"line":9,"column":0},"end":{"line":9,"column":0}},"9":{"start":{"line":10,"column":0},"end":{"line":10,"column":41}},"10":{"start":{"line":11,"column":0},"end":{"line":11,"column":63}},"11":{"start":{"line":12,"column":0},"end":{"line":12,"column":0}},"12":{"start":{"line":13,"column":0},"end":{"line":13,"column":8}},"13":{"start":{"line":14,"column":0},"end":{"line":14,"column":8}},"14":{"start":{"line":15,"column":0},"end":{"line":15,"column":36}},"15":{"start":{"line":16,"column":0},"end":{"line":16,"column":22}},"16":{"start":{"line":17,"column":0},"end":{"line":17,"column":4}},"17":{"start":{"line":18,"column":0},"end":{"line":18,"column":2}},"18":{"start":{"line":19,"column":0},"end":{"line":19,"column":0}},"19":{"start":{"line":20,"column":0},"end":{"line":20,"column":35}},"20":{"start":{"line":21,"column":0},"end":{"line":21,"column":28}},"21":{"start":{"line":22,"column":0},"end":{"line":22,"column":28}},"22":{"start":{"line":23,"column":0},"end":{"line":23,"column":36}},"23":{"start":{"line":24,"column":0},"end":{"line":24,"column":32}},"24":{"start":{"line":25,"column":0},"end":{"line":25,"column":20}},"25":{"start":{"line":26,"column":0},"end":{"line":26,"column":3}},"26":{"start":{"line":27,"column":0},"end":{"line":27,"column":0}},"27":{"start":{"line":28,"column":0},"end":{"line":28,"column":21}},"28":{"start":{"line":29,"column":0},"end":{"line":29,"column":12}},"29":{"start":{"line":30,"column":0},"end":{"line":30,"column":62}},"30":{"start":{"line":31,"column":0},"end":{"line":31,"column":20}},"31":{"start":{"line":32,"column":0},"end":{"line":32,"column":3}},"32":{"start":{"line":33,"column":0},"end":{"line":33,"column":58}},"33":{"start":{"line":34,"column":0},"end":{"line":34,"column":3}},"34":{"start":{"line":35,"column":0},"end":{"line":35,"column":0}},"35":{"start":{"line":36,"column":0},"end":{"line":36,"column":47}},"36":{"start":{"line":37,"column":0},"end":{"line":37,"column":45}},"37":{"start":{"line":38,"column":0},"end":{"line":38,"column":0}},"38":{"start":{"line":39,"column":0},"end":{"line":39,"column":37}},"39":{"start":{"line":40,"column":0},"end":{"line":40,"column":72}},"40":{"start":{"line":41,"column":0},"end":{"line":41,"column":3}},"41":{"start":{"line":42,"column":0},"end":{"line":42,"column":0}},"42":{"start":{"line":43,"column":0},"end":{"line":43,"column":11}},"43":{"start":{"line":44,"column":0},"end":{"line":44,"column":42}},"44":{"start":{"line":45,"column":0},"end":{"line":45,"column":12}},"45":{"start":{"line":46,"column":0},"end":{"line":46,"column":28}},"46":{"start":{"line":47,"column":0},"end":{"line":47,"column":79}},"47":{"start":{"line":48,"column":0},"end":{"line":48,"column":0}},"48":{"start":{"line":49,"column":0},"end":{"line":49,"column":28}},"49":{"start":{"line":50,"column":0},"end":{"line":50,"column":72}},"50":{"start":{"line":51,"column":0},"end":{"line":51,"column":0}},"51":{"start":{"line":52,"column":0},"end":{"line":52,"column":44}},"52":{"start":{"line":53,"column":0},"end":{"line":53,"column":63}},"53":{"start":{"line":54,"column":0},"end":{"line":54,"column":0}},"54":{"start":{"line":55,"column":0},"end":{"line":55,"column":15}},"55":{"start":{"line":56,"column":0},"end":{"line":56,"column":69}},"56":{"start":{"line":57,"column":0},"end":{"line":57,"column":38}},"57":{"start":{"line":58,"column":0},"end":{"line":58,"column":18}},"58":{"start":{"line":59,"column":0},"end":{"line":59,"column":18}},"59":{"start":{"line":60,"column":0},"end":{"line":60,"column":79}},"60":{"start":{"line":61,"column":0},"end":{"line":61,"column":0}},"61":{"start":{"line":62,"column":0},"end":{"line":62,"column":76}},"62":{"start":{"line":63,"column":0},"end":{"line":63,"column":9}},"63":{"start":{"line":64,"column":0},"end":{"line":64,"column":8}},"64":{"start":{"line":65,"column":0},"end":{"line":65,"column":5}},"65":{"start":{"line":66,"column":0},"end":{"line":66,"column":4}},"66":{"start":{"line":67,"column":0},"end":{"line":67,"column":3}},"67":{"start":{"line":68,"column":0},"end":{"line":68,"column":0}},"68":{"start":{"line":69,"column":0},"end":{"line":69,"column":38}},"69":{"start":{"line":70,"column":0},"end":{"line":70,"column":39}},"70":{"start":{"line":71,"column":0},"end":{"line":71,"column":0}},"71":{"start":{"line":72,"column":0},"end":{"line":72,"column":28}},"72":{"start":{"line":73,"column":0},"end":{"line":73,"column":72}},"73":{"start":{"line":74,"column":0},"end":{"line":74,"column":3}},"74":{"start":{"line":75,"column":0},"end":{"line":75,"column":0}},"75":{"start":{"line":76,"column":0},"end":{"line":76,"column":11}},"76":{"start":{"line":77,"column":0},"end":{"line":77,"column":42}},"77":{"start":{"line":78,"column":0},"end":{"line":78,"column":12}},"78":{"start":{"line":79,"column":0},"end":{"line":79,"column":28}},"79":{"start":{"line":80,"column":0},"end":{"line":80,"column":79}},"80":{"start":{"line":81,"column":0},"end":{"line":81,"column":0}},"81":{"start":{"line":82,"column":0},"end":{"line":82,"column":30}},"82":{"start":{"line":83,"column":0},"end":{"line":83,"column":67}},"83":{"start":{"line":84,"column":0},"end":{"line":84,"column":0}},"84":{"start":{"line":85,"column":0},"end":{"line":85,"column":29}},"85":{"start":{"line":86,"column":0},"end":{"line":86,"column":68}},"86":{"start":{"line":87,"column":0},"end":{"line":87,"column":0}},"87":{"start":{"line":88,"column":0},"end":{"line":88,"column":19}},"88":{"start":{"line":89,"column":0},"end":{"line":89,"column":71}},"89":{"start":{"line":90,"column":0},"end":{"line":90,"column":0}},"90":{"start":{"line":91,"column":0},"end":{"line":91,"column":29}},"91":{"start":{"line":92,"column":0},"end":{"line":92,"column":60}},"92":{"start":{"line":93,"column":0},"end":{"line":93,"column":31}},"93":{"start":{"line":94,"column":0},"end":{"line":94,"column":27}},"94":{"start":{"line":95,"column":0},"end":{"line":95,"column":8}},"95":{"start":{"line":96,"column":0},"end":{"line":96,"column":0}},"96":{"start":{"line":97,"column":0},"end":{"line":97,"column":16}},"97":{"start":{"line":98,"column":0},"end":{"line":98,"column":36}},"98":{"start":{"line":99,"column":0},"end":{"line":99,"column":14}},"99":{"start":{"line":100,"column":0},"end":{"line":100,"column":24}},"100":{"start":{"line":101,"column":0},"end":{"line":101,"column":9}},"101":{"start":{"line":102,"column":0},"end":{"line":102,"column":5}},"102":{"start":{"line":103,"column":0},"end":{"line":103,"column":4}},"103":{"start":{"line":104,"column":0},"end":{"line":104,"column":3}},"104":{"start":{"line":105,"column":0},"end":{"line":105,"column":0}},"105":{"start":{"line":106,"column":0},"end":{"line":106,"column":44}},"106":{"start":{"line":107,"column":0},"end":{"line":107,"column":47}},"107":{"start":{"line":108,"column":0},"end":{"line":108,"column":0}},"108":{"start":{"line":109,"column":0},"end":{"line":109,"column":57}},"109":{"start":{"line":110,"column":0},"end":{"line":110,"column":65}},"110":{"start":{"line":111,"column":0},"end":{"line":111,"column":73}},"111":{"start":{"line":112,"column":0},"end":{"line":112,"column":3}},"112":{"start":{"line":113,"column":0},"end":{"line":113,"column":0}},"113":{"start":{"line":114,"column":0},"end":{"line":114,"column":41}},"114":{"start":{"line":115,"column":0},"end":{"line":115,"column":0}},"115":{"start":{"line":116,"column":0},"end":{"line":116,"column":63}},"116":{"start":{"line":117,"column":0},"end":{"line":117,"column":14}},"117":{"start":{"line":118,"column":0},"end":{"line":118,"column":56}},"118":{"start":{"line":119,"column":0},"end":{"line":119,"column":64}},"119":{"start":{"line":120,"column":0},"end":{"line":120,"column":5}},"120":{"start":{"line":121,"column":0},"end":{"line":121,"column":0}},"121":{"start":{"line":122,"column":0},"end":{"line":122,"column":30}},"122":{"start":{"line":123,"column":0},"end":{"line":123,"column":0}},"123":{"start":{"line":124,"column":0},"end":{"line":124,"column":18}},"124":{"start":{"line":125,"column":0},"end":{"line":125,"column":47}},"125":{"start":{"line":126,"column":0},"end":{"line":126,"column":73}},"126":{"start":{"line":127,"column":0},"end":{"line":127,"column":5}},"127":{"start":{"line":128,"column":0},"end":{"line":128,"column":0}},"128":{"start":{"line":129,"column":0},"end":{"line":129,"column":71}},"129":{"start":{"line":130,"column":0},"end":{"line":130,"column":0}},"130":{"start":{"line":131,"column":0},"end":{"line":131,"column":48}},"131":{"start":{"line":132,"column":0},"end":{"line":132,"column":16}},"132":{"start":{"line":133,"column":0},"end":{"line":133,"column":43}},"133":{"start":{"line":134,"column":0},"end":{"line":134,"column":67}},"134":{"start":{"line":135,"column":0},"end":{"line":135,"column":7}},"135":{"start":{"line":136,"column":0},"end":{"line":136,"column":0}},"136":{"start":{"line":137,"column":0},"end":{"line":137,"column":32}},"137":{"start":{"line":138,"column":0},"end":{"line":138,"column":59}},"138":{"start":{"line":139,"column":0},"end":{"line":139,"column":67}},"139":{"start":{"line":140,"column":0},"end":{"line":140,"column":7}},"140":{"start":{"line":141,"column":0},"end":{"line":141,"column":0}},"141":{"start":{"line":142,"column":0},"end":{"line":142,"column":38}},"142":{"start":{"line":143,"column":0},"end":{"line":143,"column":7}},"143":{"start":{"line":144,"column":0},"end":{"line":144,"column":5}},"144":{"start":{"line":145,"column":0},"end":{"line":145,"column":3}},"145":{"start":{"line":146,"column":0},"end":{"line":146,"column":0}},"146":{"start":{"line":147,"column":0},"end":{"line":147,"column":46}},"147":{"start":{"line":148,"column":0},"end":{"line":148,"column":43}},"148":{"start":{"line":149,"column":0},"end":{"line":149,"column":0}},"149":{"start":{"line":150,"column":0},"end":{"line":150,"column":57}},"150":{"start":{"line":151,"column":0},"end":{"line":151,"column":15}},"151":{"start":{"line":152,"column":0},"end":{"line":152,"column":66}},"152":{"start":{"line":153,"column":0},"end":{"line":153,"column":3}},"153":{"start":{"line":154,"column":0},"end":{"line":154,"column":0}},"154":{"start":{"line":155,"column":0},"end":{"line":155,"column":63}},"155":{"start":{"line":156,"column":0},"end":{"line":156,"column":14}},"156":{"start":{"line":157,"column":0},"end":{"line":157,"column":45}},"157":{"start":{"line":158,"column":0},"end":{"line":158,"column":64}},"158":{"start":{"line":159,"column":0},"end":{"line":159,"column":5}},"159":{"start":{"line":160,"column":0},"end":{"line":160,"column":0}},"160":{"start":{"line":161,"column":0},"end":{"line":161,"column":30}},"161":{"start":{"line":162,"column":0},"end":{"line":162,"column":0}},"162":{"start":{"line":163,"column":0},"end":{"line":163,"column":17}},"163":{"start":{"line":164,"column":0},"end":{"line":164,"column":70}},"164":{"start":{"line":165,"column":0},"end":{"line":165,"column":61}},"165":{"start":{"line":166,"column":0},"end":{"line":166,"column":16}},"166":{"start":{"line":167,"column":0},"end":{"line":167,"column":56}},"167":{"start":{"line":168,"column":0},"end":{"line":168,"column":76}},"168":{"start":{"line":169,"column":0},"end":{"line":169,"column":7}},"169":{"start":{"line":170,"column":0},"end":{"line":170,"column":0}},"170":{"start":{"line":171,"column":0},"end":{"line":171,"column":59}},"171":{"start":{"line":172,"column":0},"end":{"line":172,"column":7}},"172":{"start":{"line":173,"column":0},"end":{"line":173,"column":5}},"173":{"start":{"line":174,"column":0},"end":{"line":174,"column":3}},"174":{"start":{"line":175,"column":0},"end":{"line":175,"column":0}},"175":{"start":{"line":176,"column":0},"end":{"line":176,"column":47}},"176":{"start":{"line":177,"column":0},"end":{"line":177,"column":57}},"177":{"start":{"line":178,"column":0},"end":{"line":178,"column":76}},"178":{"start":{"line":179,"column":0},"end":{"line":179,"column":13}},"179":{"start":{"line":180,"column":0},"end":{"line":180,"column":0}},"180":{"start":{"line":181,"column":0},"end":{"line":181,"column":77}},"181":{"start":{"line":182,"column":0},"end":{"line":182,"column":23}},"182":{"start":{"line":183,"column":0},"end":{"line":183,"column":69}},"183":{"start":{"line":184,"column":0},"end":{"line":184,"column":0}},"184":{"start":{"line":185,"column":0},"end":{"line":185,"column":63}},"185":{"start":{"line":186,"column":0},"end":{"line":186,"column":71}},"186":{"start":{"line":187,"column":0},"end":{"line":187,"column":0}},"187":{"start":{"line":188,"column":0},"end":{"line":188,"column":30}},"188":{"start":{"line":189,"column":0},"end":{"line":189,"column":0}},"189":{"start":{"line":190,"column":0},"end":{"line":190,"column":63}},"190":{"start":{"line":191,"column":0},"end":{"line":191,"column":58}},"191":{"start":{"line":192,"column":0},"end":{"line":192,"column":79}},"192":{"start":{"line":193,"column":0},"end":{"line":193,"column":0}},"193":{"start":{"line":194,"column":0},"end":{"line":194,"column":48}},"194":{"start":{"line":195,"column":0},"end":{"line":195,"column":35}},"195":{"start":{"line":196,"column":0},"end":{"line":196,"column":35}},"196":{"start":{"line":197,"column":0},"end":{"line":197,"column":91}},"197":{"start":{"line":198,"column":0},"end":{"line":198,"column":40}},"198":{"start":{"line":199,"column":0},"end":{"line":199,"column":12}},"199":{"start":{"line":200,"column":0},"end":{"line":200,"column":19}},"200":{"start":{"line":201,"column":0},"end":{"line":201,"column":28}},"201":{"start":{"line":202,"column":0},"end":{"line":202,"column":13}},"202":{"start":{"line":203,"column":0},"end":{"line":203,"column":21}},"203":{"start":{"line":204,"column":0},"end":{"line":204,"column":19}},"204":{"start":{"line":205,"column":0},"end":{"line":205,"column":34}},"205":{"start":{"line":206,"column":0},"end":{"line":206,"column":28}},"206":{"start":{"line":207,"column":0},"end":{"line":207,"column":31}},"207":{"start":{"line":208,"column":0},"end":{"line":208,"column":28}},"208":{"start":{"line":209,"column":0},"end":{"line":209,"column":34}},"209":{"start":{"line":210,"column":0},"end":{"line":210,"column":14}},"210":{"start":{"line":211,"column":0},"end":{"line":211,"column":22}},"211":{"start":{"line":212,"column":0},"end":{"line":212,"column":24}},"212":{"start":{"line":213,"column":0},"end":{"line":213,"column":62}},"213":{"start":{"line":214,"column":0},"end":{"line":214,"column":26}},"214":{"start":{"line":215,"column":0},"end":{"line":215,"column":30}},"215":{"start":{"line":216,"column":0},"end":{"line":216,"column":61}},"216":{"start":{"line":217,"column":0},"end":{"line":217,"column":15}},"217":{"start":{"line":218,"column":0},"end":{"line":218,"column":25}},"218":{"start":{"line":219,"column":0},"end":{"line":219,"column":13}},"219":{"start":{"line":220,"column":0},"end":{"line":220,"column":12}},"220":{"start":{"line":221,"column":0},"end":{"line":221,"column":16}},"221":{"start":{"line":222,"column":0},"end":{"line":222,"column":21}},"222":{"start":{"line":223,"column":0},"end":{"line":223,"column":9}},"223":{"start":{"line":224,"column":0},"end":{"line":224,"column":8}},"224":{"start":{"line":225,"column":0},"end":{"line":225,"column":0}},"225":{"start":{"line":226,"column":0},"end":{"line":226,"column":32}},"226":{"start":{"line":227,"column":0},"end":{"line":227,"column":33}},"227":{"start":{"line":228,"column":0},"end":{"line":228,"column":73}},"228":{"start":{"line":229,"column":0},"end":{"line":229,"column":72}},"229":{"start":{"line":230,"column":0},"end":{"line":230,"column":18}},"230":{"start":{"line":231,"column":0},"end":{"line":231,"column":79}},"231":{"start":{"line":232,"column":0},"end":{"line":232,"column":32}},"232":{"start":{"line":233,"column":0},"end":{"line":233,"column":80}},"233":{"start":{"line":234,"column":0},"end":{"line":234,"column":0}},"234":{"start":{"line":235,"column":0},"end":{"line":235,"column":34}},"235":{"start":{"line":236,"column":0},"end":{"line":236,"column":55}},"236":{"start":{"line":237,"column":0},"end":{"line":237,"column":25}},"237":{"start":{"line":238,"column":0},"end":{"line":238,"column":12}},"238":{"start":{"line":239,"column":0},"end":{"line":239,"column":63}},"239":{"start":{"line":240,"column":0},"end":{"line":240,"column":22}},"240":{"start":{"line":241,"column":0},"end":{"line":241,"column":68}},"241":{"start":{"line":242,"column":0},"end":{"line":242,"column":24}},"242":{"start":{"line":243,"column":0},"end":{"line":243,"column":28}},"243":{"start":{"line":244,"column":0},"end":{"line":244,"column":62}},"244":{"start":{"line":245,"column":0},"end":{"line":245,"column":13}},"245":{"start":{"line":246,"column":0},"end":{"line":246,"column":0}},"246":{"start":{"line":247,"column":0},"end":{"line":247,"column":15}},"247":{"start":{"line":248,"column":0},"end":{"line":248,"column":26}},"248":{"start":{"line":249,"column":0},"end":{"line":249,"column":71}},"249":{"start":{"line":250,"column":0},"end":{"line":250,"column":13}},"250":{"start":{"line":251,"column":0},"end":{"line":251,"column":11}},"251":{"start":{"line":252,"column":0},"end":{"line":252,"column":9}},"252":{"start":{"line":253,"column":0},"end":{"line":253,"column":7}},"253":{"start":{"line":254,"column":0},"end":{"line":254,"column":5}},"254":{"start":{"line":255,"column":0},"end":{"line":255,"column":3}},"255":{"start":{"line":256,"column":0},"end":{"line":256,"column":0}},"256":{"start":{"line":257,"column":0},"end":{"line":257,"column":44}},"257":{"start":{"line":258,"column":0},"end":{"line":258,"column":57}},"258":{"start":{"line":259,"column":0},"end":{"line":259,"column":0}},"259":{"start":{"line":260,"column":0},"end":{"line":260,"column":15}},"260":{"start":{"line":261,"column":0},"end":{"line":261,"column":67}},"261":{"start":{"line":262,"column":0},"end":{"line":262,"column":3}},"262":{"start":{"line":263,"column":0},"end":{"line":263,"column":0}},"263":{"start":{"line":264,"column":0},"end":{"line":264,"column":63}},"264":{"start":{"line":265,"column":0},"end":{"line":265,"column":14}},"265":{"start":{"line":266,"column":0},"end":{"line":266,"column":64}},"266":{"start":{"line":267,"column":0},"end":{"line":267,"column":5}},"267":{"start":{"line":268,"column":0},"end":{"line":268,"column":0}},"268":{"start":{"line":269,"column":0},"end":{"line":269,"column":30}},"269":{"start":{"line":270,"column":0},"end":{"line":270,"column":0}},"270":{"start":{"line":271,"column":0},"end":{"line":271,"column":19}},"271":{"start":{"line":272,"column":0},"end":{"line":272,"column":53}},"272":{"start":{"line":273,"column":0},"end":{"line":273,"column":46}},"273":{"start":{"line":274,"column":0},"end":{"line":274,"column":25}},"274":{"start":{"line":275,"column":0},"end":{"line":275,"column":38}},"275":{"start":{"line":276,"column":0},"end":{"line":276,"column":25}},"276":{"start":{"line":277,"column":0},"end":{"line":277,"column":37}},"277":{"start":{"line":278,"column":0},"end":{"line":278,"column":6}},"278":{"start":{"line":279,"column":0},"end":{"line":279,"column":0}},"279":{"start":{"line":280,"column":0},"end":{"line":280,"column":48}},"280":{"start":{"line":281,"column":0},"end":{"line":281,"column":74}},"281":{"start":{"line":282,"column":0},"end":{"line":282,"column":35}},"282":{"start":{"line":283,"column":0},"end":{"line":283,"column":7}},"283":{"start":{"line":284,"column":0},"end":{"line":284,"column":5}},"284":{"start":{"line":285,"column":0},"end":{"line":285,"column":3}},"285":{"start":{"line":286,"column":0},"end":{"line":286,"column":0}},"286":{"start":{"line":287,"column":0},"end":{"line":287,"column":48}},"287":{"start":{"line":288,"column":0},"end":{"line":288,"column":57}},"288":{"start":{"line":289,"column":0},"end":{"line":289,"column":40}},"289":{"start":{"line":290,"column":0},"end":{"line":290,"column":0}},"290":{"start":{"line":291,"column":0},"end":{"line":291,"column":15}},"291":{"start":{"line":292,"column":0},"end":{"line":292,"column":67}},"292":{"start":{"line":293,"column":0},"end":{"line":293,"column":3}},"293":{"start":{"line":294,"column":0},"end":{"line":294,"column":0}},"294":{"start":{"line":295,"column":0},"end":{"line":295,"column":63}},"295":{"start":{"line":296,"column":0},"end":{"line":296,"column":71}},"296":{"start":{"line":297,"column":0},"end":{"line":297,"column":0}},"297":{"start":{"line":298,"column":0},"end":{"line":298,"column":30}},"298":{"start":{"line":299,"column":0},"end":{"line":299,"column":0}},"299":{"start":{"line":300,"column":0},"end":{"line":300,"column":25}},"300":{"start":{"line":301,"column":0},"end":{"line":301,"column":25}},"301":{"start":{"line":302,"column":0},"end":{"line":302,"column":66}},"302":{"start":{"line":303,"column":0},"end":{"line":303,"column":39}},"303":{"start":{"line":304,"column":0},"end":{"line":304,"column":6}},"304":{"start":{"line":305,"column":0},"end":{"line":305,"column":0}},"305":{"start":{"line":306,"column":0},"end":{"line":306,"column":64}},"306":{"start":{"line":307,"column":0},"end":{"line":307,"column":14}},"307":{"start":{"line":308,"column":0},"end":{"line":308,"column":76}},"308":{"start":{"line":309,"column":0},"end":{"line":309,"column":73}},"309":{"start":{"line":310,"column":0},"end":{"line":310,"column":7}},"310":{"start":{"line":311,"column":0},"end":{"line":311,"column":5}},"311":{"start":{"line":312,"column":0},"end":{"line":312,"column":3}},"312":{"start":{"line":313,"column":0},"end":{"line":313,"column":0}},"313":{"start":{"line":314,"column":0},"end":{"line":314,"column":62}},"314":{"start":{"line":315,"column":0},"end":{"line":315,"column":57}},"315":{"start":{"line":316,"column":0},"end":{"line":316,"column":32}},"316":{"start":{"line":317,"column":0},"end":{"line":317,"column":0}},"317":{"start":{"line":318,"column":0},"end":{"line":318,"column":15}},"318":{"start":{"line":319,"column":0},"end":{"line":319,"column":67}},"319":{"start":{"line":320,"column":0},"end":{"line":320,"column":3}},"320":{"start":{"line":321,"column":0},"end":{"line":321,"column":0}},"321":{"start":{"line":322,"column":0},"end":{"line":322,"column":63}},"322":{"start":{"line":323,"column":0},"end":{"line":323,"column":14}},"323":{"start":{"line":324,"column":0},"end":{"line":324,"column":64}},"324":{"start":{"line":325,"column":0},"end":{"line":325,"column":5}},"325":{"start":{"line":326,"column":0},"end":{"line":326,"column":0}},"326":{"start":{"line":327,"column":0},"end":{"line":327,"column":30}},"327":{"start":{"line":328,"column":0},"end":{"line":328,"column":0}},"328":{"start":{"line":329,"column":0},"end":{"line":329,"column":25}},"329":{"start":{"line":330,"column":0},"end":{"line":330,"column":30}},"330":{"start":{"line":331,"column":0},"end":{"line":331,"column":39}},"331":{"start":{"line":332,"column":0},"end":{"line":332,"column":6}},"332":{"start":{"line":333,"column":0},"end":{"line":333,"column":0}},"333":{"start":{"line":334,"column":0},"end":{"line":334,"column":62}},"334":{"start":{"line":335,"column":0},"end":{"line":335,"column":16}},"335":{"start":{"line":336,"column":0},"end":{"line":336,"column":53}},"336":{"start":{"line":337,"column":0},"end":{"line":337,"column":18}},"337":{"start":{"line":338,"column":0},"end":{"line":338,"column":22}},"338":{"start":{"line":339,"column":0},"end":{"line":339,"column":65}},"339":{"start":{"line":340,"column":0},"end":{"line":340,"column":7}},"340":{"start":{"line":341,"column":0},"end":{"line":341,"column":0}},"341":{"start":{"line":342,"column":0},"end":{"line":342,"column":69}},"342":{"start":{"line":343,"column":0},"end":{"line":343,"column":7}},"343":{"start":{"line":344,"column":0},"end":{"line":344,"column":5}},"344":{"start":{"line":345,"column":0},"end":{"line":345,"column":3}},"345":{"start":{"line":346,"column":0},"end":{"line":346,"column":0}},"346":{"start":{"line":347,"column":0},"end":{"line":347,"column":40}},"347":{"start":{"line":348,"column":0},"end":{"line":348,"column":57}},"348":{"start":{"line":349,"column":0},"end":{"line":349,"column":59}},"349":{"start":{"line":350,"column":0},"end":{"line":350,"column":0}},"350":{"start":{"line":351,"column":0},"end":{"line":351,"column":2}},"351":{"start":{"line":352,"column":0},"end":{"line":352,"column":76}},"352":{"start":{"line":353,"column":0},"end":{"line":353,"column":0}},"353":{"start":{"line":354,"column":0},"end":{"line":354,"column":73}},"354":{"start":{"line":355,"column":0},"end":{"line":355,"column":59}},"355":{"start":{"line":356,"column":0},"end":{"line":356,"column":71}},"356":{"start":{"line":357,"column":0},"end":{"line":357,"column":0}},"357":{"start":{"line":358,"column":0},"end":{"line":358,"column":63}},"358":{"start":{"line":359,"column":0},"end":{"line":359,"column":71}},"359":{"start":{"line":360,"column":0},"end":{"line":360,"column":0}},"360":{"start":{"line":361,"column":0},"end":{"line":361,"column":30}},"361":{"start":{"line":362,"column":0},"end":{"line":362,"column":0}},"362":{"start":{"line":363,"column":0},"end":{"line":363,"column":63}},"363":{"start":{"line":364,"column":0},"end":{"line":364,"column":59}},"364":{"start":{"line":365,"column":0},"end":{"line":365,"column":79}},"365":{"start":{"line":366,"column":0},"end":{"line":366,"column":0}},"366":{"start":{"line":367,"column":0},"end":{"line":367,"column":48}},"367":{"start":{"line":368,"column":0},"end":{"line":368,"column":35}},"368":{"start":{"line":369,"column":0},"end":{"line":369,"column":35}},"369":{"start":{"line":370,"column":0},"end":{"line":370,"column":40}},"370":{"start":{"line":371,"column":0},"end":{"line":371,"column":25}},"371":{"start":{"line":372,"column":0},"end":{"line":372,"column":12}},"372":{"start":{"line":373,"column":0},"end":{"line":373,"column":68}},"373":{"start":{"line":374,"column":0},"end":{"line":374,"column":22}},"374":{"start":{"line":375,"column":0},"end":{"line":375,"column":60}},"375":{"start":{"line":376,"column":0},"end":{"line":376,"column":79}},"376":{"start":{"line":377,"column":0},"end":{"line":377,"column":13}},"377":{"start":{"line":378,"column":0},"end":{"line":378,"column":23}},"378":{"start":{"line":379,"column":0},"end":{"line":379,"column":13}},"379":{"start":{"line":380,"column":0},"end":{"line":380,"column":16}},"380":{"start":{"line":381,"column":0},"end":{"line":381,"column":21}},"381":{"start":{"line":382,"column":0},"end":{"line":382,"column":9}},"382":{"start":{"line":383,"column":0},"end":{"line":383,"column":8}},"383":{"start":{"line":384,"column":0},"end":{"line":384,"column":0}},"384":{"start":{"line":385,"column":0},"end":{"line":385,"column":32}},"385":{"start":{"line":386,"column":0},"end":{"line":386,"column":34}},"386":{"start":{"line":387,"column":0},"end":{"line":387,"column":66}},"387":{"start":{"line":388,"column":0},"end":{"line":388,"column":10}},"388":{"start":{"line":389,"column":0},"end":{"line":389,"column":75}},"389":{"start":{"line":390,"column":0},"end":{"line":390,"column":18}},"390":{"start":{"line":391,"column":0},"end":{"line":391,"column":22}},"391":{"start":{"line":392,"column":0},"end":{"line":392,"column":26}},"392":{"start":{"line":393,"column":0},"end":{"line":393,"column":67}},"393":{"start":{"line":394,"column":0},"end":{"line":394,"column":0}},"394":{"start":{"line":395,"column":0},"end":{"line":395,"column":37}},"395":{"start":{"line":396,"column":0},"end":{"line":396,"column":22}},"396":{"start":{"line":397,"column":0},"end":{"line":397,"column":26}},"397":{"start":{"line":398,"column":0},"end":{"line":398,"column":72}},"398":{"start":{"line":399,"column":0},"end":{"line":399,"column":11}},"399":{"start":{"line":400,"column":0},"end":{"line":400,"column":0}},"400":{"start":{"line":401,"column":0},"end":{"line":401,"column":37}},"401":{"start":{"line":402,"column":0},"end":{"line":402,"column":83}},"402":{"start":{"line":403,"column":0},"end":{"line":403,"column":38}},"403":{"start":{"line":404,"column":0},"end":{"line":404,"column":12}},"404":{"start":{"line":405,"column":0},"end":{"line":405,"column":19}},"405":{"start":{"line":406,"column":0},"end":{"line":406,"column":30}},"406":{"start":{"line":407,"column":0},"end":{"line":407,"column":47}},"407":{"start":{"line":408,"column":0},"end":{"line":408,"column":22}},"408":{"start":{"line":409,"column":0},"end":{"line":409,"column":24}},"409":{"start":{"line":410,"column":0},"end":{"line":410,"column":61}},"410":{"start":{"line":411,"column":0},"end":{"line":411,"column":80}},"411":{"start":{"line":412,"column":0},"end":{"line":412,"column":15}},"412":{"start":{"line":413,"column":0},"end":{"line":413,"column":0}},"413":{"start":{"line":414,"column":0},"end":{"line":414,"column":23}},"414":{"start":{"line":415,"column":0},"end":{"line":415,"column":54}},"415":{"start":{"line":416,"column":0},"end":{"line":416,"column":25}},"416":{"start":{"line":417,"column":0},"end":{"line":417,"column":35}},"417":{"start":{"line":418,"column":0},"end":{"line":418,"column":26}},"418":{"start":{"line":419,"column":0},"end":{"line":419,"column":30}},"419":{"start":{"line":420,"column":0},"end":{"line":420,"column":34}},"420":{"start":{"line":421,"column":0},"end":{"line":421,"column":66}},"421":{"start":{"line":422,"column":0},"end":{"line":422,"column":0}},"422":{"start":{"line":423,"column":0},"end":{"line":423,"column":65}},"423":{"start":{"line":424,"column":0},"end":{"line":424,"column":0}},"424":{"start":{"line":425,"column":0},"end":{"line":425,"column":40}},"425":{"start":{"line":426,"column":0},"end":{"line":426,"column":29}},"426":{"start":{"line":427,"column":0},"end":{"line":427,"column":28}},"427":{"start":{"line":428,"column":0},"end":{"line":428,"column":27}},"428":{"start":{"line":429,"column":0},"end":{"line":429,"column":47}},"429":{"start":{"line":430,"column":0},"end":{"line":430,"column":21}},"430":{"start":{"line":431,"column":0},"end":{"line":431,"column":17}},"431":{"start":{"line":432,"column":0},"end":{"line":432,"column":16}},"432":{"start":{"line":433,"column":0},"end":{"line":433,"column":13}},"433":{"start":{"line":434,"column":0},"end":{"line":434,"column":12}},"434":{"start":{"line":435,"column":0},"end":{"line":435,"column":11}},"435":{"start":{"line":436,"column":0},"end":{"line":436,"column":9}},"436":{"start":{"line":437,"column":0},"end":{"line":437,"column":7}},"437":{"start":{"line":438,"column":0},"end":{"line":438,"column":5}},"438":{"start":{"line":439,"column":0},"end":{"line":439,"column":3}},"439":{"start":{"line":440,"column":0},"end":{"line":440,"column":0}},"440":{"start":{"line":441,"column":0},"end":{"line":441,"column":58}},"441":{"start":{"line":442,"column":0},"end":{"line":442,"column":57}},"442":{"start":{"line":443,"column":0},"end":{"line":443,"column":54}},"443":{"start":{"line":444,"column":0},"end":{"line":444,"column":0}},"444":{"start":{"line":445,"column":0},"end":{"line":445,"column":73}},"445":{"start":{"line":446,"column":0},"end":{"line":446,"column":0}},"446":{"start":{"line":447,"column":0},"end":{"line":447,"column":63}},"447":{"start":{"line":448,"column":0},"end":{"line":448,"column":71}},"448":{"start":{"line":449,"column":0},"end":{"line":449,"column":0}},"449":{"start":{"line":450,"column":0},"end":{"line":450,"column":35}},"450":{"start":{"line":451,"column":0},"end":{"line":451,"column":39}},"451":{"start":{"line":452,"column":0},"end":{"line":452,"column":0}},"452":{"start":{"line":453,"column":0},"end":{"line":453,"column":78}},"453":{"start":{"line":454,"column":0},"end":{"line":454,"column":16}},"454":{"start":{"line":455,"column":0},"end":{"line":455,"column":20}},"455":{"start":{"line":456,"column":0},"end":{"line":456,"column":67}},"456":{"start":{"line":457,"column":0},"end":{"line":457,"column":5}},"457":{"start":{"line":458,"column":0},"end":{"line":458,"column":0}},"458":{"start":{"line":459,"column":0},"end":{"line":459,"column":25}},"459":{"start":{"line":460,"column":0},"end":{"line":460,"column":59}},"460":{"start":{"line":461,"column":0},"end":{"line":461,"column":6}},"461":{"start":{"line":462,"column":0},"end":{"line":462,"column":0}},"462":{"start":{"line":463,"column":0},"end":{"line":463,"column":68}},"463":{"start":{"line":464,"column":0},"end":{"line":464,"column":16}},"464":{"start":{"line":465,"column":0},"end":{"line":465,"column":57}},"465":{"start":{"line":466,"column":0},"end":{"line":466,"column":74}},"466":{"start":{"line":467,"column":0},"end":{"line":467,"column":7}},"467":{"start":{"line":468,"column":0},"end":{"line":468,"column":0}},"468":{"start":{"line":469,"column":0},"end":{"line":469,"column":38}},"469":{"start":{"line":470,"column":0},"end":{"line":470,"column":69}},"470":{"start":{"line":471,"column":0},"end":{"line":471,"column":7}},"471":{"start":{"line":472,"column":0},"end":{"line":472,"column":0}},"472":{"start":{"line":473,"column":0},"end":{"line":473,"column":71}},"473":{"start":{"line":474,"column":0},"end":{"line":474,"column":7}},"474":{"start":{"line":475,"column":0},"end":{"line":475,"column":5}},"475":{"start":{"line":476,"column":0},"end":{"line":476,"column":3}},"476":{"start":{"line":477,"column":0},"end":{"line":477,"column":0}},"477":{"start":{"line":478,"column":0},"end":{"line":478,"column":47}},"478":{"start":{"line":479,"column":0},"end":{"line":479,"column":35}},"479":{"start":{"line":480,"column":0},"end":{"line":480,"column":0}},"480":{"start":{"line":481,"column":0},"end":{"line":481,"column":17}},"481":{"start":{"line":482,"column":0},"end":{"line":482,"column":79}},"482":{"start":{"line":483,"column":0},"end":{"line":483,"column":27}},"483":{"start":{"line":484,"column":0},"end":{"line":484,"column":16}},"484":{"start":{"line":485,"column":0},"end":{"line":485,"column":34}},"485":{"start":{"line":486,"column":0},"end":{"line":486,"column":21}},"486":{"start":{"line":487,"column":0},"end":{"line":487,"column":32}},"487":{"start":{"line":488,"column":0},"end":{"line":488,"column":2}},"488":{"start":{"line":489,"column":0},"end":{"line":489,"column":0}},"489":{"start":{"line":490,"column":0},"end":{"line":490,"column":47}},"490":{"start":{"line":491,"column":0},"end":{"line":491,"column":14}},"491":{"start":{"line":492,"column":0},"end":{"line":492,"column":56}},"492":{"start":{"line":493,"column":0},"end":{"line":493,"column":65}},"493":{"start":{"line":494,"column":0},"end":{"line":494,"column":5}},"494":{"start":{"line":495,"column":0},"end":{"line":495,"column":0}},"495":{"start":{"line":496,"column":0},"end":{"line":496,"column":34}},"496":{"start":{"line":497,"column":0},"end":{"line":497,"column":5}},"497":{"start":{"line":498,"column":0},"end":{"line":498,"column":3}},"498":{"start":{"line":499,"column":0},"end":{"line":499,"column":0}},"499":{"start":{"line":500,"column":0},"end":{"line":500,"column":49}},"500":{"start":{"line":501,"column":0},"end":{"line":501,"column":57}},"501":{"start":{"line":502,"column":0},"end":{"line":502,"column":0}},"502":{"start":{"line":503,"column":0},"end":{"line":503,"column":73}},"503":{"start":{"line":504,"column":0},"end":{"line":504,"column":0}},"504":{"start":{"line":505,"column":0},"end":{"line":505,"column":63}},"505":{"start":{"line":506,"column":0},"end":{"line":506,"column":71}},"506":{"start":{"line":507,"column":0},"end":{"line":507,"column":0}},"507":{"start":{"line":508,"column":0},"end":{"line":508,"column":30}},"508":{"start":{"line":509,"column":0},"end":{"line":509,"column":0}},"509":{"start":{"line":510,"column":0},"end":{"line":510,"column":19}},"510":{"start":{"line":511,"column":0},"end":{"line":511,"column":13}},"511":{"start":{"line":512,"column":0},"end":{"line":512,"column":14}},"512":{"start":{"line":513,"column":0},"end":{"line":513,"column":16}},"513":{"start":{"line":514,"column":0},"end":{"line":514,"column":23}},"514":{"start":{"line":515,"column":0},"end":{"line":515,"column":16}},"515":{"start":{"line":516,"column":0},"end":{"line":516,"column":18}},"516":{"start":{"line":517,"column":0},"end":{"line":517,"column":24}},"517":{"start":{"line":518,"column":0},"end":{"line":518,"column":31}},"518":{"start":{"line":519,"column":0},"end":{"line":519,"column":53}},"519":{"start":{"line":520,"column":0},"end":{"line":520,"column":26}},"520":{"start":{"line":521,"column":0},"end":{"line":521,"column":36}},"521":{"start":{"line":522,"column":0},"end":{"line":522,"column":6}},"522":{"start":{"line":523,"column":0},"end":{"line":523,"column":0}},"523":{"start":{"line":524,"column":0},"end":{"line":524,"column":49}},"524":{"start":{"line":525,"column":0},"end":{"line":525,"column":16}},"525":{"start":{"line":526,"column":0},"end":{"line":526,"column":61}},"526":{"start":{"line":527,"column":0},"end":{"line":527,"column":79}},"527":{"start":{"line":528,"column":0},"end":{"line":528,"column":7}},"528":{"start":{"line":529,"column":0},"end":{"line":529,"column":0}},"529":{"start":{"line":530,"column":0},"end":{"line":530,"column":36}},"530":{"start":{"line":531,"column":0},"end":{"line":531,"column":7}},"531":{"start":{"line":532,"column":0},"end":{"line":532,"column":5}},"532":{"start":{"line":533,"column":0},"end":{"line":533,"column":3}},"533":{"start":{"line":534,"column":0},"end":{"line":534,"column":0}},"534":{"start":{"line":535,"column":0},"end":{"line":535,"column":51}},"535":{"start":{"line":536,"column":0},"end":{"line":536,"column":57}},"536":{"start":{"line":537,"column":0},"end":{"line":537,"column":38}},"537":{"start":{"line":538,"column":0},"end":{"line":538,"column":0}},"538":{"start":{"line":539,"column":0},"end":{"line":539,"column":73}},"539":{"start":{"line":540,"column":0},"end":{"line":540,"column":0}},"540":{"start":{"line":541,"column":0},"end":{"line":541,"column":63}},"541":{"start":{"line":542,"column":0},"end":{"line":542,"column":71}},"542":{"start":{"line":543,"column":0},"end":{"line":543,"column":0}},"543":{"start":{"line":544,"column":0},"end":{"line":544,"column":30}},"544":{"start":{"line":545,"column":0},"end":{"line":545,"column":0}},"545":{"start":{"line":546,"column":0},"end":{"line":546,"column":22}},"546":{"start":{"line":547,"column":0},"end":{"line":547,"column":81}},"547":{"start":{"line":548,"column":0},"end":{"line":548,"column":69}},"548":{"start":{"line":549,"column":0},"end":{"line":549,"column":16}},"549":{"start":{"line":550,"column":0},"end":{"line":550,"column":42}},"550":{"start":{"line":551,"column":0},"end":{"line":551,"column":61}},"551":{"start":{"line":552,"column":0},"end":{"line":552,"column":7}},"552":{"start":{"line":553,"column":0},"end":{"line":553,"column":0}},"553":{"start":{"line":554,"column":0},"end":{"line":554,"column":28}},"554":{"start":{"line":555,"column":0},"end":{"line":555,"column":69}},"555":{"start":{"line":556,"column":0},"end":{"line":556,"column":0}},"556":{"start":{"line":557,"column":0},"end":{"line":557,"column":41}},"557":{"start":{"line":558,"column":0},"end":{"line":558,"column":0}},"558":{"start":{"line":559,"column":0},"end":{"line":559,"column":21}},"559":{"start":{"line":560,"column":0},"end":{"line":560,"column":78}},"560":{"start":{"line":561,"column":0},"end":{"line":561,"column":25}},"561":{"start":{"line":562,"column":0},"end":{"line":562,"column":2}},"562":{"start":{"line":563,"column":0},"end":{"line":563,"column":64}},"563":{"start":{"line":564,"column":0},"end":{"line":564,"column":18}},"564":{"start":{"line":565,"column":0},"end":{"line":565,"column":63}},"565":{"start":{"line":566,"column":0},"end":{"line":566,"column":20}},"566":{"start":{"line":567,"column":0},"end":{"line":567,"column":24}},"567":{"start":{"line":568,"column":0},"end":{"line":568,"column":62}},"568":{"start":{"line":569,"column":0},"end":{"line":569,"column":9}},"569":{"start":{"line":570,"column":0},"end":{"line":570,"column":0}},"570":{"start":{"line":571,"column":0},"end":{"line":571,"column":66}},"571":{"start":{"line":572,"column":0},"end":{"line":572,"column":9}},"572":{"start":{"line":573,"column":0},"end":{"line":573,"column":7}},"573":{"start":{"line":574,"column":0},"end":{"line":574,"column":5}},"574":{"start":{"line":575,"column":0},"end":{"line":575,"column":3}},"575":{"start":{"line":576,"column":0},"end":{"line":576,"column":0}},"576":{"start":{"line":577,"column":0},"end":{"line":577,"column":29}}},"s":{"0":1,"1":1,"2":1,"3":1,"4":1,"5":1,"6":1,"7":1,"8":1,"9":1,"10":1,"11":1,"12":1,"13":1,"14":1,"15":1,"16":1,"17":1,"18":1,"19":1,"20":1,"21":1,"22":1,"23":1,"24":1,"25":1,"26":1,"27":1,"28":13,"29":0,"30":0,"31":0,"32":13,"33":1,"34":1,"35":1,"36":8,"37":8,"38":8,"39":2,"40":2,"41":6,"42":6,"43":6,"44":6,"45":6,"46":6,"47":6,"48":6,"49":6,"50":2,"51":2,"52":2,"53":2,"54":2,"55":2,"56":2,"57":2,"58":2,"59":2,"60":2,"61":2,"62":2,"63":2,"64":2,"65":6,"66":1,"67":1,"68":1,"69":0,"70":0,"71":0,"72":0,"73":0,"74":0,"75":0,"76":0,"77":0,"78":0,"79":0,"80":0,"81":0,"82":0,"83":0,"84":0,"85":0,"86":0,"87":0,"88":0,"89":0,"90":0,"91":0,"92":0,"93":0,"94":0,"95":0,"96":0,"97":0,"98":0,"99":0,"100":0,"101":0,"102":0,"103":1,"104":1,"105":1,"106":2,"107":2,"108":2,"109":1,"110":1,"111":1,"112":1,"113":1,"114":1,"115":1,"116":1,"117":0,"118":0,"119":0,"120":1,"121":1,"122":1,"123":1,"124":0,"125":0,"126":0,"127":1,"128":1,"129":1,"130":1,"131":1,"132":0,"133":0,"134":0,"135":1,"136":1,"137":0,"138":0,"139":0,"140":1,"141":1,"142":1,"143":1,"144":1,"145":1,"146":1,"147":1,"148":1,"149":1,"150":1,"151":0,"152":0,"153":1,"154":1,"155":1,"156":0,"157":0,"158":0,"159":1,"160":1,"161":1,"162":1,"163":1,"164":1,"165":1,"166":0,"167":0,"168":0,"169":1,"170":1,"171":1,"172":1,"173":1,"174":1,"175":1,"176":1,"177":1,"178":1,"179":1,"180":1,"181":1,"182":1,"183":1,"184":1,"185":1,"186":1,"187":1,"188":1,"189":1,"190":1,"191":1,"192":1,"193":1,"194":1,"195":0,"196":0,"197":0,"198":0,"199":0,"200":0,"201":0,"202":0,"203":0,"204":0,"205":0,"206":0,"207":0,"208":0,"209":0,"210":0,"211":0,"212":0,"213":0,"214":0,"215":0,"216":0,"217":0,"218":0,"219":0,"220":1,"221":1,"222":1,"223":1,"224":1,"225":1,"226":1,"227":1,"228":1,"229":1,"230":1,"231":1,"232":1,"233":1,"234":1,"235":1,"236":1,"237":1,"238":1,"239":1,"240":0,"241":0,"242":0,"243":0,"244":0,"245":1,"246":1,"247":1,"248":1,"249":1,"250":1,"251":1,"252":1,"253":1,"254":1,"255":1,"256":1,"257":3,"258":3,"259":3,"260":1,"261":1,"262":2,"263":2,"264":2,"265":1,"266":1,"267":1,"268":1,"269":1,"270":1,"271":1,"272":1,"273":1,"274":1,"275":1,"276":1,"277":1,"278":1,"279":1,"280":1,"281":1,"282":1,"283":2,"284":1,"285":1,"286":1,"287":1,"288":1,"289":1,"290":1,"291":0,"292":0,"293":1,"294":1,"295":1,"296":1,"297":1,"298":1,"299":1,"300":1,"301":1,"302":1,"303":1,"304":1,"305":1,"306":1,"307":1,"308":1,"309":1,"310":1,"311":1,"312":1,"313":1,"314":1,"315":1,"316":1,"317":1,"318":0,"319":0,"320":1,"321":1,"322":1,"323":0,"324":0,"325":1,"326":1,"327":1,"328":1,"329":1,"330":1,"331":1,"332":1,"333":1,"334":1,"335":0,"336":0,"337":0,"338":0,"339":0,"340":1,"341":1,"342":1,"343":1,"344":1,"345":1,"346":1,"347":1,"348":1,"349":1,"350":1,"351":1,"352":1,"353":1,"354":1,"355":1,"356":1,"357":1,"358":1,"359":1,"360":1,"361":1,"362":1,"363":1,"364":1,"365":1,"366":1,"367":1,"368":0,"369":0,"370":0,"371":0,"372":0,"373":0,"374":0,"375":0,"376":0,"377":0,"378":0,"379":1,"380":1,"381":1,"382":1,"383":1,"384":1,"385":1,"386":1,"387":1,"388":1,"389":1,"390":1,"391":0,"392":0,"393":1,"394":1,"395":0,"396":0,"397":0,"398":0,"399":1,"400":1,"401":1,"402":1,"403":1,"404":1,"405":1,"406":1,"407":1,"408":1,"409":0,"410":0,"411":0,"412":1,"413":1,"414":1,"415":1,"416":1,"417":1,"418":1,"419":0,"420":0,"421":1,"422":1,"423":1,"424":1,"425":1,"426":1,"427":1,"428":1,"429":1,"430":1,"431":1,"432":1,"433":1,"434":1,"435":1,"436":1,"437":1,"438":1,"439":1,"440":1,"441":1,"442":1,"443":1,"444":1,"445":1,"446":1,"447":1,"448":1,"449":1,"450":1,"451":1,"452":1,"453":0,"454":0,"455":0,"456":0,"457":1,"458":1,"459":1,"460":1,"461":1,"462":1,"463":1,"464":0,"465":0,"466":0,"467":1,"468":1,"469":0,"470":0,"471":1,"472":1,"473":1,"474":1,"475":1,"476":1,"477":1,"478":1,"479":1,"480":1,"481":1,"482":1,"483":1,"484":1,"485":1,"486":1,"487":1,"488":1,"489":1,"490":1,"491":0,"492":0,"493":0,"494":1,"495":1,"496":1,"497":1,"498":1,"499":1,"500":1,"501":1,"502":1,"503":1,"504":1,"505":1,"506":1,"507":1,"508":1,"509":1,"510":1,"511":1,"512":1,"513":1,"514":1,"515":1,"516":1,"517":1,"518":1,"519":1,"520":1,"521":1,"522":1,"523":1,"524":1,"525":0,"526":0,"527":0,"528":1,"529":1,"530":1,"531":1,"532":1,"533":1,"534":1,"535":1,"536":1,"537":1,"538":1,"539":1,"540":1,"541":1,"542":1,"543":1,"544":1,"545":1,"546":1,"547":1,"548":1,"549":0,"550":0,"551":0,"552":1,"553":1,"554":1,"555":0,"556":1,"557":1,"558":1,"559":1,"560":1,"561":1,"562":1,"563":0,"564":0,"565":0,"566":0,"567":0,"568":0,"569":0,"570":0,"571":1,"572":1,"573":1,"574":1,"575":1,"576":1},"branchMap":{"0":{"type":"branch","line":28,"loc":{"start":{"line":28,"column":12},"end":{"line":34,"column":2}},"locations":[{"start":{"line":28,"column":12},"end":{"line":34,"column":2}}]},"1":{"type":"branch","line":29,"loc":{"start":{"line":29,"column":11},"end":{"line":32,"column":3}},"locations":[{"start":{"line":29,"column":11},"end":{"line":32,"column":3}}]},"2":{"type":"branch","line":36,"loc":{"start":{"line":36,"column":26},"end":{"line":67,"column":2}},"locations":[{"start":{"line":36,"column":26},"end":{"line":67,"column":2}}]},"3":{"type":"branch","line":39,"loc":{"start":{"line":39,"column":11},"end":{"line":39,"column":21}},"locations":[{"start":{"line":39,"column":11},"end":{"line":39,"column":21}}]},"4":{"type":"branch","line":39,"loc":{"start":{"line":39,"column":21},"end":{"line":39,"column":34}},"locations":[{"start":{"line":39,"column":21},"end":{"line":39,"column":34}}]},"5":{"type":"branch","line":39,"loc":{"start":{"line":39,"column":36},"end":{"line":41,"column":3}},"locations":[{"start":{"line":39,"column":36},"end":{"line":41,"column":3}}]},"6":{"type":"branch","line":41,"loc":{"start":{"line":41,"column":2},"end":{"line":67,"column":2}},"locations":[{"start":{"line":41,"column":2},"end":{"line":67,"column":2}}]},"7":{"type":"branch","line":46,"loc":{"start":{"line":46,"column":4},"end":{"line":65,"column":5}},"locations":[{"start":{"line":46,"column":4},"end":{"line":65,"column":5}}]},"8":{"type":"branch","line":47,"loc":{"start":{"line":47,"column":15},"end":{"line":47,"column":79}},"locations":[{"start":{"line":47,"column":15},"end":{"line":47,"column":79}}]},"9":{"type":"branch","line":50,"loc":{"start":{"line":50,"column":8},"end":{"line":50,"column":72}},"locations":[{"start":{"line":50,"column":8},"end":{"line":50,"column":72}}]},"10":{"type":"branch","line":50,"loc":{"start":{"line":50,"column":71},"end":{"line":65,"column":5}},"locations":[{"start":{"line":50,"column":71},"end":{"line":65,"column":5}}]},"11":{"type":"branch","line":58,"loc":{"start":{"line":58,"column":9},"end":{"line":63,"column":9}},"locations":[{"start":{"line":58,"column":9},"end":{"line":63,"column":9}}]},"12":{"type":"branch","line":60,"loc":{"start":{"line":60,"column":12},"end":{"line":60,"column":79}},"locations":[{"start":{"line":60,"column":12},"end":{"line":60,"column":79}}]},"13":{"type":"branch","line":106,"loc":{"start":{"line":106,"column":29},"end":{"line":145,"column":2}},"locations":[{"start":{"line":106,"column":29},"end":{"line":145,"column":2}}]},"14":{"type":"branch","line":109,"loc":{"start":{"line":109,"column":17},"end":{"line":109,"column":54}},"locations":[{"start":{"line":109,"column":17},"end":{"line":109,"column":54}}]},"15":{"type":"branch","line":109,"loc":{"start":{"line":109,"column":56},"end":{"line":145,"column":2}},"locations":[{"start":{"line":109,"column":56},"end":{"line":145,"column":2}}]},"16":{"type":"branch","line":116,"loc":{"start":{"line":116,"column":44},"end":{"line":144,"column":3}},"locations":[{"start":{"line":116,"column":44},"end":{"line":144,"column":3}}]},"17":{"type":"branch","line":117,"loc":{"start":{"line":117,"column":13},"end":{"line":120,"column":5}},"locations":[{"start":{"line":117,"column":13},"end":{"line":120,"column":5}}]},"18":{"type":"branch","line":124,"loc":{"start":{"line":124,"column":17},"end":{"line":127,"column":5}},"locations":[{"start":{"line":124,"column":17},"end":{"line":127,"column":5}}]},"19":{"type":"branch","line":131,"loc":{"start":{"line":131,"column":30},"end":{"line":143,"column":5}},"locations":[{"start":{"line":131,"column":30},"end":{"line":143,"column":5}}]},"20":{"type":"branch","line":132,"loc":{"start":{"line":132,"column":15},"end":{"line":135,"column":7}},"locations":[{"start":{"line":132,"column":15},"end":{"line":135,"column":7}}]},"21":{"type":"branch","line":137,"loc":{"start":{"line":137,"column":31},"end":{"line":140,"column":7}},"locations":[{"start":{"line":137,"column":31},"end":{"line":140,"column":7}}]},"22":{"type":"branch","line":147,"loc":{"start":{"line":147,"column":31},"end":{"line":174,"column":2}},"locations":[{"start":{"line":147,"column":31},"end":{"line":174,"column":2}}]},"23":{"type":"branch","line":151,"loc":{"start":{"line":151,"column":14},"end":{"line":153,"column":3}},"locations":[{"start":{"line":151,"column":14},"end":{"line":153,"column":3}}]},"24":{"type":"branch","line":155,"loc":{"start":{"line":155,"column":44},"end":{"line":173,"column":3}},"locations":[{"start":{"line":155,"column":44},"end":{"line":173,"column":3}}]},"25":{"type":"branch","line":156,"loc":{"start":{"line":156,"column":13},"end":{"line":159,"column":5}},"locations":[{"start":{"line":156,"column":13},"end":{"line":159,"column":5}}]},"26":{"type":"branch","line":165,"loc":{"start":{"line":165,"column":52},"end":{"line":172,"column":5}},"locations":[{"start":{"line":165,"column":52},"end":{"line":172,"column":5}}]},"27":{"type":"branch","line":166,"loc":{"start":{"line":166,"column":15},"end":{"line":169,"column":7}},"locations":[{"start":{"line":166,"column":15},"end":{"line":169,"column":7}}]},"28":{"type":"branch","line":176,"loc":{"start":{"line":176,"column":32},"end":{"line":255,"column":2}},"locations":[{"start":{"line":176,"column":32},"end":{"line":255,"column":2}}]},"29":{"type":"branch","line":181,"loc":{"start":{"line":181,"column":14},"end":{"line":181,"column":77}},"locations":[{"start":{"line":181,"column":14},"end":{"line":181,"column":77}}]},"30":{"type":"branch","line":183,"loc":{"start":{"line":183,"column":4},"end":{"line":183,"column":69}},"locations":[{"start":{"line":183,"column":4},"end":{"line":183,"column":69}}]},"31":{"type":"branch","line":185,"loc":{"start":{"line":185,"column":44},"end":{"line":254,"column":3}},"locations":[{"start":{"line":185,"column":44},"end":{"line":254,"column":3}}]},"32":{"type":"branch","line":186,"loc":{"start":{"line":186,"column":13},"end":{"line":186,"column":71}},"locations":[{"start":{"line":186,"column":13},"end":{"line":186,"column":71}}]},"33":{"type":"branch","line":191,"loc":{"start":{"line":191,"column":39},"end":{"line":253,"column":5}},"locations":[{"start":{"line":191,"column":39},"end":{"line":253,"column":5}}]},"34":{"type":"branch","line":192,"loc":{"start":{"line":192,"column":15},"end":{"line":192,"column":79}},"locations":[{"start":{"line":192,"column":15},"end":{"line":192,"column":79}}]},"35":{"type":"branch","line":194,"loc":{"start":{"line":194,"column":34},"end":{"line":224,"column":7}},"locations":[{"start":{"line":194,"column":34},"end":{"line":224,"column":7}}]},"36":{"type":"branch","line":195,"loc":{"start":{"line":195,"column":34},"end":{"line":221,"column":9}},"locations":[{"start":{"line":195,"column":34},"end":{"line":221,"column":9}}]},"37":{"type":"branch","line":226,"loc":{"start":{"line":226,"column":25},"end":{"line":252,"column":7}},"locations":[{"start":{"line":226,"column":25},"end":{"line":252,"column":7}}]},"38":{"type":"branch","line":229,"loc":{"start":{"line":229,"column":54},"end":{"line":251,"column":9}},"locations":[{"start":{"line":229,"column":54},"end":{"line":251,"column":9}}]},"39":{"type":"branch","line":231,"loc":{"start":{"line":231,"column":12},"end":{"line":231,"column":79}},"locations":[{"start":{"line":231,"column":12},"end":{"line":231,"column":79}}]},"40":{"type":"branch","line":233,"loc":{"start":{"line":233,"column":12},"end":{"line":233,"column":80}},"locations":[{"start":{"line":233,"column":12},"end":{"line":233,"column":80}}]},"41":{"type":"branch","line":239,"loc":{"start":{"line":239,"column":54},"end":{"line":250,"column":11}},"locations":[{"start":{"line":239,"column":54},"end":{"line":250,"column":11}}]},"42":{"type":"branch","line":240,"loc":{"start":{"line":240,"column":21},"end":{"line":245,"column":13}},"locations":[{"start":{"line":240,"column":21},"end":{"line":245,"column":13}}]},"43":{"type":"branch","line":257,"loc":{"start":{"line":257,"column":29},"end":{"line":285,"column":2}},"locations":[{"start":{"line":257,"column":29},"end":{"line":285,"column":2}}]},"44":{"type":"branch","line":258,"loc":{"start":{"line":258,"column":41},"end":{"line":258,"column":48}},"locations":[{"start":{"line":258,"column":41},"end":{"line":258,"column":48}}]},"45":{"type":"branch","line":260,"loc":{"start":{"line":260,"column":14},"end":{"line":262,"column":3}},"locations":[{"start":{"line":260,"column":14},"end":{"line":262,"column":3}}]},"46":{"type":"branch","line":262,"loc":{"start":{"line":262,"column":2},"end":{"line":285,"column":2}},"locations":[{"start":{"line":262,"column":2},"end":{"line":285,"column":2}}]},"47":{"type":"branch","line":264,"loc":{"start":{"line":264,"column":44},"end":{"line":284,"column":3}},"locations":[{"start":{"line":264,"column":44},"end":{"line":284,"column":3}}]},"48":{"type":"branch","line":265,"loc":{"start":{"line":265,"column":13},"end":{"line":284,"column":3}},"locations":[{"start":{"line":265,"column":13},"end":{"line":284,"column":3}}]},"49":{"type":"branch","line":280,"loc":{"start":{"line":280,"column":30},"end":{"line":283,"column":5}},"locations":[{"start":{"line":280,"column":30},"end":{"line":283,"column":5}}]},"50":{"type":"branch","line":281,"loc":{"start":{"line":281,"column":15},"end":{"line":281,"column":74}},"locations":[{"start":{"line":281,"column":15},"end":{"line":281,"column":74}}]},"51":{"type":"branch","line":287,"loc":{"start":{"line":287,"column":33},"end":{"line":312,"column":2}},"locations":[{"start":{"line":287,"column":33},"end":{"line":312,"column":2}}]},"52":{"type":"branch","line":291,"loc":{"start":{"line":291,"column":14},"end":{"line":293,"column":3}},"locations":[{"start":{"line":291,"column":14},"end":{"line":293,"column":3}}]},"53":{"type":"branch","line":295,"loc":{"start":{"line":295,"column":44},"end":{"line":311,"column":3}},"locations":[{"start":{"line":295,"column":44},"end":{"line":311,"column":3}}]},"54":{"type":"branch","line":296,"loc":{"start":{"line":296,"column":13},"end":{"line":296,"column":71}},"locations":[{"start":{"line":296,"column":13},"end":{"line":296,"column":71}}]},"55":{"type":"branch","line":306,"loc":{"start":{"line":306,"column":55},"end":{"line":310,"column":5}},"locations":[{"start":{"line":306,"column":55},"end":{"line":310,"column":5}}]},"56":{"type":"branch","line":308,"loc":{"start":{"line":308,"column":8},"end":{"line":308,"column":76}},"locations":[{"start":{"line":308,"column":8},"end":{"line":308,"column":76}}]},"57":{"type":"branch","line":314,"loc":{"start":{"line":314,"column":47},"end":{"line":345,"column":2}},"locations":[{"start":{"line":314,"column":47},"end":{"line":345,"column":2}}]},"58":{"type":"branch","line":318,"loc":{"start":{"line":318,"column":14},"end":{"line":320,"column":3}},"locations":[{"start":{"line":318,"column":14},"end":{"line":320,"column":3}}]},"59":{"type":"branch","line":322,"loc":{"start":{"line":322,"column":44},"end":{"line":344,"column":3}},"locations":[{"start":{"line":322,"column":44},"end":{"line":344,"column":3}}]},"60":{"type":"branch","line":323,"loc":{"start":{"line":323,"column":13},"end":{"line":325,"column":5}},"locations":[{"start":{"line":323,"column":13},"end":{"line":325,"column":5}}]},"61":{"type":"branch","line":334,"loc":{"start":{"line":334,"column":44},"end":{"line":343,"column":5}},"locations":[{"start":{"line":334,"column":44},"end":{"line":343,"column":5}}]},"62":{"type":"branch","line":335,"loc":{"start":{"line":335,"column":15},"end":{"line":340,"column":7}},"locations":[{"start":{"line":335,"column":15},"end":{"line":340,"column":7}}]},"63":{"type":"branch","line":347,"loc":{"start":{"line":347,"column":25},"end":{"line":439,"column":2}},"locations":[{"start":{"line":347,"column":25},"end":{"line":439,"column":2}}]},"64":{"type":"branch","line":354,"loc":{"start":{"line":354,"column":14},"end":{"line":354,"column":73}},"locations":[{"start":{"line":354,"column":14},"end":{"line":354,"column":73}}]},"65":{"type":"branch","line":356,"loc":{"start":{"line":356,"column":4},"end":{"line":356,"column":71}},"locations":[{"start":{"line":356,"column":4},"end":{"line":356,"column":71}}]},"66":{"type":"branch","line":358,"loc":{"start":{"line":358,"column":44},"end":{"line":438,"column":3}},"locations":[{"start":{"line":358,"column":44},"end":{"line":438,"column":3}}]},"67":{"type":"branch","line":359,"loc":{"start":{"line":359,"column":13},"end":{"line":359,"column":71}},"locations":[{"start":{"line":359,"column":13},"end":{"line":359,"column":71}}]},"68":{"type":"branch","line":364,"loc":{"start":{"line":364,"column":40},"end":{"line":437,"column":5}},"locations":[{"start":{"line":364,"column":40},"end":{"line":437,"column":5}}]},"69":{"type":"branch","line":365,"loc":{"start":{"line":365,"column":15},"end":{"line":365,"column":79}},"locations":[{"start":{"line":365,"column":15},"end":{"line":365,"column":79}}]},"70":{"type":"branch","line":367,"loc":{"start":{"line":367,"column":34},"end":{"line":383,"column":7}},"locations":[{"start":{"line":367,"column":34},"end":{"line":383,"column":7}}]},"71":{"type":"branch","line":368,"loc":{"start":{"line":368,"column":34},"end":{"line":380,"column":9}},"locations":[{"start":{"line":368,"column":34},"end":{"line":380,"column":9}}]},"72":{"type":"branch","line":385,"loc":{"start":{"line":385,"column":25},"end":{"line":436,"column":7}},"locations":[{"start":{"line":385,"column":25},"end":{"line":436,"column":7}}]},"73":{"type":"branch","line":389,"loc":{"start":{"line":389,"column":54},"end":{"line":435,"column":9}},"locations":[{"start":{"line":389,"column":54},"end":{"line":435,"column":9}}]},"74":{"type":"branch","line":391,"loc":{"start":{"line":391,"column":12},"end":{"line":393,"column":67}},"locations":[{"start":{"line":391,"column":12},"end":{"line":393,"column":67}}]},"75":{"type":"branch","line":395,"loc":{"start":{"line":395,"column":36},"end":{"line":399,"column":11}},"locations":[{"start":{"line":395,"column":36},"end":{"line":399,"column":11}}]},"76":{"type":"branch","line":408,"loc":{"start":{"line":408,"column":13},"end":{"line":433,"column":13}},"locations":[{"start":{"line":408,"column":13},"end":{"line":433,"column":13}}]},"77":{"type":"branch","line":409,"loc":{"start":{"line":409,"column":23},"end":{"line":412,"column":15}},"locations":[{"start":{"line":409,"column":23},"end":{"line":412,"column":15}}]},"78":{"type":"branch","line":417,"loc":{"start":{"line":417,"column":16},"end":{"line":431,"column":17}},"locations":[{"start":{"line":417,"column":16},"end":{"line":431,"column":17}}]},"79":{"type":"branch","line":419,"loc":{"start":{"line":419,"column":20},"end":{"line":421,"column":66}},"locations":[{"start":{"line":419,"column":20},"end":{"line":421,"column":66}}]},"80":{"type":"branch","line":423,"loc":{"start":{"line":423,"column":51},"end":{"line":423,"column":64}},"locations":[{"start":{"line":423,"column":51},"end":{"line":423,"column":64}}]},"81":{"type":"branch","line":441,"loc":{"start":{"line":441,"column":43},"end":{"line":476,"column":2}},"locations":[{"start":{"line":441,"column":43},"end":{"line":476,"column":2}}]},"82":{"type":"branch","line":445,"loc":{"start":{"line":445,"column":14},"end":{"line":445,"column":73}},"locations":[{"start":{"line":445,"column":14},"end":{"line":445,"column":73}}]},"83":{"type":"branch","line":447,"loc":{"start":{"line":447,"column":44},"end":{"line":475,"column":3}},"locations":[{"start":{"line":447,"column":44},"end":{"line":475,"column":3}}]},"84":{"type":"branch","line":448,"loc":{"start":{"line":448,"column":13},"end":{"line":448,"column":71}},"locations":[{"start":{"line":448,"column":13},"end":{"line":448,"column":71}}]},"85":{"type":"branch","line":453,"loc":{"start":{"line":453,"column":33},"end":{"line":453,"column":75}},"locations":[{"start":{"line":453,"column":33},"end":{"line":453,"column":75}}]},"86":{"type":"branch","line":453,"loc":{"start":{"line":453,"column":77},"end":{"line":457,"column":5}},"locations":[{"start":{"line":453,"column":77},"end":{"line":457,"column":5}}]},"87":{"type":"branch","line":463,"loc":{"start":{"line":463,"column":50},"end":{"line":474,"column":5}},"locations":[{"start":{"line":463,"column":50},"end":{"line":474,"column":5}}]},"88":{"type":"branch","line":464,"loc":{"start":{"line":464,"column":15},"end":{"line":467,"column":7}},"locations":[{"start":{"line":464,"column":15},"end":{"line":467,"column":7}}]},"89":{"type":"branch","line":469,"loc":{"start":{"line":469,"column":37},"end":{"line":471,"column":7}},"locations":[{"start":{"line":469,"column":37},"end":{"line":471,"column":7}}]},"90":{"type":"branch","line":478,"loc":{"start":{"line":478,"column":32},"end":{"line":498,"column":2}},"locations":[{"start":{"line":478,"column":32},"end":{"line":498,"column":2}}]},"91":{"type":"branch","line":490,"loc":{"start":{"line":490,"column":28},"end":{"line":497,"column":3}},"locations":[{"start":{"line":490,"column":28},"end":{"line":497,"column":3}}]},"92":{"type":"branch","line":491,"loc":{"start":{"line":491,"column":13},"end":{"line":494,"column":5}},"locations":[{"start":{"line":491,"column":13},"end":{"line":494,"column":5}}]},"93":{"type":"branch","line":500,"loc":{"start":{"line":500,"column":34},"end":{"line":533,"column":2}},"locations":[{"start":{"line":500,"column":34},"end":{"line":533,"column":2}}]},"94":{"type":"branch","line":503,"loc":{"start":{"line":503,"column":14},"end":{"line":503,"column":73}},"locations":[{"start":{"line":503,"column":14},"end":{"line":503,"column":73}}]},"95":{"type":"branch","line":505,"loc":{"start":{"line":505,"column":44},"end":{"line":532,"column":3}},"locations":[{"start":{"line":505,"column":44},"end":{"line":532,"column":3}}]},"96":{"type":"branch","line":506,"loc":{"start":{"line":506,"column":13},"end":{"line":506,"column":71}},"locations":[{"start":{"line":506,"column":13},"end":{"line":506,"column":71}}]},"97":{"type":"branch","line":524,"loc":{"start":{"line":524,"column":30},"end":{"line":531,"column":5}},"locations":[{"start":{"line":524,"column":30},"end":{"line":531,"column":5}}]},"98":{"type":"branch","line":525,"loc":{"start":{"line":525,"column":15},"end":{"line":528,"column":7}},"locations":[{"start":{"line":525,"column":15},"end":{"line":528,"column":7}}]},"99":{"type":"branch","line":535,"loc":{"start":{"line":535,"column":36},"end":{"line":575,"column":2}},"locations":[{"start":{"line":535,"column":36},"end":{"line":575,"column":2}}]},"100":{"type":"branch","line":539,"loc":{"start":{"line":539,"column":14},"end":{"line":539,"column":73}},"locations":[{"start":{"line":539,"column":14},"end":{"line":539,"column":73}}]},"101":{"type":"branch","line":541,"loc":{"start":{"line":541,"column":44},"end":{"line":574,"column":3}},"locations":[{"start":{"line":541,"column":44},"end":{"line":574,"column":3}}]},"102":{"type":"branch","line":542,"loc":{"start":{"line":542,"column":13},"end":{"line":542,"column":71}},"locations":[{"start":{"line":542,"column":13},"end":{"line":542,"column":71}}]},"103":{"type":"branch","line":548,"loc":{"start":{"line":548,"column":51},"end":{"line":573,"column":5}},"locations":[{"start":{"line":548,"column":51},"end":{"line":573,"column":5}}]},"104":{"type":"branch","line":549,"loc":{"start":{"line":549,"column":15},"end":{"line":552,"column":7}},"locations":[{"start":{"line":549,"column":15},"end":{"line":552,"column":7}}]},"105":{"type":"branch","line":555,"loc":{"start":{"line":555,"column":68},"end":{"line":557,"column":40}},"locations":[{"start":{"line":555,"column":68},"end":{"line":557,"column":40}}]}},"b":{"0":[13],"1":[0],"2":[8],"3":[6],"4":[6],"5":[2],"6":[6],"7":[6],"8":[0],"9":[4],"10":[2],"11":[2],"12":[0],"13":[2],"14":[1],"15":[1],"16":[1],"17":[0],"18":[0],"19":[1],"20":[0],"21":[0],"22":[1],"23":[0],"24":[1],"25":[0],"26":[1],"27":[0],"28":[1],"29":[0],"30":[0],"31":[1],"32":[0],"33":[1],"34":[0],"35":[1],"36":[0],"37":[1],"38":[1],"39":[0],"40":[0],"41":[1],"42":[0],"43":[3],"44":[2],"45":[1],"46":[2],"47":[2],"48":[1],"49":[1],"50":[0],"51":[1],"52":[0],"53":[1],"54":[0],"55":[1],"56":[0],"57":[1],"58":[0],"59":[1],"60":[0],"61":[1],"62":[0],"63":[1],"64":[0],"65":[0],"66":[1],"67":[0],"68":[1],"69":[0],"70":[1],"71":[0],"72":[1],"73":[1],"74":[0],"75":[0],"76":[1],"77":[0],"78":[1],"79":[0],"80":[0],"81":[1],"82":[0],"83":[1],"84":[0],"85":[0],"86":[0],"87":[1],"88":[0],"89":[0],"90":[1],"91":[1],"92":[0],"93":[1],"94":[0],"95":[1],"96":[0],"97":[1],"98":[0],"99":[1],"100":[0],"101":[1],"102":[0],"103":[1],"104":[0],"105":[0]},"fnMap":{"0":{"name":"insertGameIfNeeded","decl":{"start":{"line":194,"column":34},"end":{"line":224,"column":7}},"loc":{"start":{"line":194,"column":34},"end":{"line":224,"column":7}},"line":194},"1":{"name":"insertGameIfNeeded","decl":{"start":{"line":367,"column":34},"end":{"line":383,"column":7}},"loc":{"start":{"line":367,"column":34},"end":{"line":383,"column":7}},"line":367}},"f":{"0":1,"1":1}}
}
