TN:
SF:src\server.js
FN:194,insertGameIfNeeded
FN:367,insertGameIfNeeded
FNF:2
FNH:2
FNDA:1,insertGameIfNeeded
FNDA:1,insertGameIfNeeded
DA:1,1
DA:2,1
DA:3,1
DA:4,1
DA:5,1
DA:6,1
DA:7,1
DA:8,1
DA:9,1
DA:10,1
DA:11,1
DA:12,1
DA:13,1
DA:14,1
DA:15,1
DA:16,1
DA:17,1
DA:18,1
DA:19,1
DA:20,1
DA:21,1
DA:22,1
DA:23,1
DA:24,1
DA:25,1
DA:26,1
DA:27,1
DA:28,1
DA:29,13
DA:30,0
DA:31,0
DA:32,0
DA:33,13
DA:34,1
DA:35,1
DA:36,1
DA:37,8
DA:38,8
DA:39,8
DA:40,2
DA:41,2
DA:42,6
DA:43,6
DA:44,6
DA:45,6
DA:46,6
DA:47,6
DA:48,6
DA:49,6
DA:50,6
DA:51,2
DA:52,2
DA:53,2
DA:54,2
DA:55,2
DA:56,2
DA:57,2
DA:58,2
DA:59,2
DA:60,2
DA:61,2
DA:62,2
DA:63,2
DA:64,2
DA:65,2
DA:66,6
DA:67,1
DA:68,1
DA:69,1
DA:70,0
DA:71,0
DA:72,0
DA:73,0
DA:74,0
DA:75,0
DA:76,0
DA:77,0
DA:78,0
DA:79,0
DA:80,0
DA:81,0
DA:82,0
DA:83,0
DA:84,0
DA:85,0
DA:86,0
DA:87,0
DA:88,0
DA:89,0
DA:90,0
DA:91,0
DA:92,0
DA:93,0
DA:94,0
DA:95,0
DA:96,0
DA:97,0
DA:98,0
DA:99,0
DA:100,0
DA:101,0
DA:102,0
DA:103,0
DA:104,1
DA:105,1
DA:106,1
DA:107,2
DA:108,2
DA:109,2
DA:110,1
DA:111,1
DA:112,1
DA:113,1
DA:114,1
DA:115,1
DA:116,1
DA:117,1
DA:118,0
DA:119,0
DA:120,0
DA:121,1
DA:122,1
DA:123,1
DA:124,1
DA:125,0
DA:126,0
DA:127,0
DA:128,1
DA:129,1
DA:130,1
DA:131,1
DA:132,1
DA:133,0
DA:134,0
DA:135,0
DA:136,1
DA:137,1
DA:138,0
DA:139,0
DA:140,0
DA:141,1
DA:142,1
DA:143,1
DA:144,1
DA:145,1
DA:146,1
DA:147,1
DA:148,1
DA:149,1
DA:150,1
DA:151,1
DA:152,0
DA:153,0
DA:154,1
DA:155,1
DA:156,1
DA:157,0
DA:158,0
DA:159,0
DA:160,1
DA:161,1
DA:162,1
DA:163,1
DA:164,1
DA:165,1
DA:166,1
DA:167,0
DA:168,0
DA:169,0
DA:170,1
DA:171,1
DA:172,1
DA:173,1
DA:174,1
DA:175,1
DA:176,1
DA:177,1
DA:178,1
DA:179,1
DA:180,1
DA:181,1
DA:182,1
DA:183,1
DA:184,1
DA:185,1
DA:186,1
DA:187,1
DA:188,1
DA:189,1
DA:190,1
DA:191,1
DA:192,1
DA:193,1
DA:194,1
DA:195,1
DA:196,0
DA:197,0
DA:198,0
DA:199,0
DA:200,0
DA:201,0
DA:202,0
DA:203,0
DA:204,0
DA:205,0
DA:206,0
DA:207,0
DA:208,0
DA:209,0
DA:210,0
DA:211,0
DA:212,0
DA:213,0
DA:214,0
DA:215,0
DA:216,0
DA:217,0
DA:218,0
DA:219,0
DA:220,0
DA:221,1
DA:222,1
DA:223,1
DA:224,1
DA:225,1
DA:226,1
DA:227,1
DA:228,1
DA:229,1
DA:230,1
DA:231,1
DA:232,1
DA:233,1
DA:234,1
DA:235,1
DA:236,1
DA:237,1
DA:238,1
DA:239,1
DA:240,1
DA:241,0
DA:242,0
DA:243,0
DA:244,0
DA:245,0
DA:246,1
DA:247,1
DA:248,1
DA:249,1
DA:250,1
DA:251,1
DA:252,1
DA:253,1
DA:254,1
DA:255,1
DA:256,1
DA:257,1
DA:258,3
DA:259,3
DA:260,3
DA:261,1
DA:262,1
DA:263,2
DA:264,2
DA:265,2
DA:266,1
DA:267,1
DA:268,1
DA:269,1
DA:270,1
DA:271,1
DA:272,1
DA:273,1
DA:274,1
DA:275,1
DA:276,1
DA:277,1
DA:278,1
DA:279,1
DA:280,1
DA:281,1
DA:282,1
DA:283,1
DA:284,2
DA:285,1
DA:286,1
DA:287,1
DA:288,1
DA:289,1
DA:290,1
DA:291,1
DA:292,0
DA:293,0
DA:294,1
DA:295,1
DA:296,1
DA:297,1
DA:298,1
DA:299,1
DA:300,1
DA:301,1
DA:302,1
DA:303,1
DA:304,1
DA:305,1
DA:306,1
DA:307,1
DA:308,1
DA:309,1
DA:310,1
DA:311,1
DA:312,1
DA:313,1
DA:314,1
DA:315,1
DA:316,1
DA:317,1
DA:318,1
DA:319,0
DA:320,0
DA:321,1
DA:322,1
DA:323,1
DA:324,0
DA:325,0
DA:326,1
DA:327,1
DA:328,1
DA:329,1
DA:330,1
DA:331,1
DA:332,1
DA:333,1
DA:334,1
DA:335,1
DA:336,0
DA:337,0
DA:338,0
DA:339,0
DA:340,0
DA:341,1
DA:342,1
DA:343,1
DA:344,1
DA:345,1
DA:346,1
DA:347,1
DA:348,1
DA:349,1
DA:350,1
DA:351,1
DA:352,1
DA:353,1
DA:354,1
DA:355,1
DA:356,1
DA:357,1
DA:358,1
DA:359,1
DA:360,1
DA:361,1
DA:362,1
DA:363,1
DA:364,1
DA:365,1
DA:366,1
DA:367,1
DA:368,1
DA:369,0
DA:370,0
DA:371,0
DA:372,0
DA:373,0
DA:374,0
DA:375,0
DA:376,0
DA:377,0
DA:378,0
DA:379,0
DA:380,1
DA:381,1
DA:382,1
DA:383,1
DA:384,1
DA:385,1
DA:386,1
DA:387,1
DA:388,1
DA:389,1
DA:390,1
DA:391,1
DA:392,0
DA:393,0
DA:394,1
DA:395,1
DA:396,0
DA:397,0
DA:398,0
DA:399,0
DA:400,1
DA:401,1
DA:402,1
DA:403,1
DA:404,1
DA:405,1
DA:406,1
DA:407,1
DA:408,1
DA:409,1
DA:410,0
DA:411,0
DA:412,0
DA:413,1
DA:414,1
DA:415,1
DA:416,1
DA:417,1
DA:418,1
DA:419,1
DA:420,0
DA:421,0
DA:422,1
DA:423,1
DA:424,1
DA:425,1
DA:426,1
DA:427,1
DA:428,1
DA:429,1
DA:430,1
DA:431,1
DA:432,1
DA:433,1
DA:434,1
DA:435,1
DA:436,1
DA:437,1
DA:438,1
DA:439,1
DA:440,1
DA:441,1
DA:442,1
DA:443,1
DA:444,1
DA:445,1
DA:446,1
DA:447,1
DA:448,1
DA:449,1
DA:450,1
DA:451,1
DA:452,1
DA:453,1
DA:454,0
DA:455,0
DA:456,0
DA:457,0
DA:458,1
DA:459,1
DA:460,1
DA:461,1
DA:462,1
DA:463,1
DA:464,1
DA:465,0
DA:466,0
DA:467,0
DA:468,1
DA:469,1
DA:470,0
DA:471,0
DA:472,1
DA:473,1
DA:474,1
DA:475,1
DA:476,1
DA:477,1
DA:478,1
DA:479,1
DA:480,1
DA:481,1
DA:482,1
DA:483,1
DA:484,1
DA:485,1
DA:486,1
DA:487,1
DA:488,1
DA:489,1
DA:490,1
DA:491,1
DA:492,0
DA:493,0
DA:494,0
DA:495,1
DA:496,1
DA:497,1
DA:498,1
DA:499,1
DA:500,1
DA:501,1
DA:502,1
DA:503,1
DA:504,1
DA:505,1
DA:506,1
DA:507,1
DA:508,1
DA:509,1
DA:510,1
DA:511,1
DA:512,1
DA:513,1
DA:514,1
DA:515,1
DA:516,1
DA:517,1
DA:518,1
DA:519,1
DA:520,1
DA:521,1
DA:522,1
DA:523,1
DA:524,1
DA:525,1
DA:526,0
DA:527,0
DA:528,0
DA:529,1
DA:530,1
DA:531,1
DA:532,1
DA:533,1
DA:534,1
DA:535,1
DA:536,1
DA:537,1
DA:538,1
DA:539,1
DA:540,1
DA:541,1
DA:542,1
DA:543,1
DA:544,1
DA:545,1
DA:546,1
DA:547,1
DA:548,1
DA:549,1
DA:550,0
DA:551,0
DA:552,0
DA:553,1
DA:554,1
DA:555,1
DA:556,0
DA:557,1
DA:558,1
DA:559,1
DA:560,1
DA:561,1
DA:562,1
DA:563,1
DA:564,0
DA:565,0
DA:566,0
DA:567,0
DA:568,0
DA:569,0
DA:570,0
DA:571,0
DA:572,1
DA:573,1
DA:574,1
DA:575,1
DA:576,1
DA:577,1
LF:577
LH:430
BRDA:28,0,0,13
BRDA:29,1,0,0
BRDA:36,2,0,8
BRDA:39,3,0,6
BRDA:39,4,0,6
BRDA:39,5,0,2
BRDA:41,6,0,6
BRDA:46,7,0,6
BRDA:47,8,0,0
BRDA:50,9,0,4
BRDA:50,10,0,2
BRDA:58,11,0,2
BRDA:60,12,0,0
BRDA:106,13,0,2
BRDA:109,14,0,1
BRDA:109,15,0,1
BRDA:116,16,0,1
BRDA:117,17,0,0
BRDA:124,18,0,0
BRDA:131,19,0,1
BRDA:132,20,0,0
BRDA:137,21,0,0
BRDA:147,22,0,1
BRDA:151,23,0,0
BRDA:155,24,0,1
BRDA:156,25,0,0
BRDA:165,26,0,1
BRDA:166,27,0,0
BRDA:176,28,0,1
BRDA:181,29,0,0
BRDA:183,30,0,0
BRDA:185,31,0,1
BRDA:186,32,0,0
BRDA:191,33,0,1
BRDA:192,34,0,0
BRDA:194,35,0,1
BRDA:195,36,0,0
BRDA:226,37,0,1
BRDA:229,38,0,1
BRDA:231,39,0,0
BRDA:233,40,0,0
BRDA:239,41,0,1
BRDA:240,42,0,0
BRDA:257,43,0,3
BRDA:258,44,0,2
BRDA:260,45,0,1
BRDA:262,46,0,2
BRDA:264,47,0,2
BRDA:265,48,0,1
BRDA:280,49,0,1
BRDA:281,50,0,0
BRDA:287,51,0,1
BRDA:291,52,0,0
BRDA:295,53,0,1
BRDA:296,54,0,0
BRDA:306,55,0,1
BRDA:308,56,0,0
BRDA:314,57,0,1
BRDA:318,58,0,0
BRDA:322,59,0,1
BRDA:323,60,0,0
BRDA:334,61,0,1
BRDA:335,62,0,0
BRDA:347,63,0,1
BRDA:354,64,0,0
BRDA:356,65,0,0
BRDA:358,66,0,1
BRDA:359,67,0,0
BRDA:364,68,0,1
BRDA:365,69,0,0
BRDA:367,70,0,1
BRDA:368,71,0,0
BRDA:385,72,0,1
BRDA:389,73,0,1
BRDA:391,74,0,0
BRDA:395,75,0,0
BRDA:408,76,0,1
BRDA:409,77,0,0
BRDA:417,78,0,1
BRDA:419,79,0,0
BRDA:423,80,0,0
BRDA:441,81,0,1
BRDA:445,82,0,0
BRDA:447,83,0,1
BRDA:448,84,0,0
BRDA:453,85,0,0
BRDA:453,86,0,0
BRDA:463,87,0,1
BRDA:464,88,0,0
BRDA:469,89,0,0
BRDA:478,90,0,1
BRDA:490,91,0,1
BRDA:491,92,0,0
BRDA:500,93,0,1
BRDA:503,94,0,0
BRDA:505,95,0,1
BRDA:506,96,0,0
BRDA:524,97,0,1
BRDA:525,98,0,0
BRDA:535,99,0,1
BRDA:539,100,0,0
BRDA:541,101,0,1
BRDA:542,102,0,0
BRDA:548,103,0,1
BRDA:549,104,0,0
BRDA:555,105,0,0
BRF:106
BRH:57
end_of_record
